{"/Users/I762886/Projects/alxmtzr-private/daily-briefing-bot/src/index.ts": {"path":"/Users/I762886/Projects/alxmtzr-private/daily-briefing-bot/src/index.ts","statementMap":{"0":{"start":{"line":1,"column":13},"end":{"line":2,"column":null}},"1":{"start":{"line":2,"column":2},"end":{"line":2,"column":null}}},"fnMap":{"0":{"name":"(anonymous_0)","decl":{"start":{"line":1,"column":13},"end":{"line":1,"column":32}},"loc":{"start":{"line":1,"column":32},"end":{"line":2,"column":null}},"line":1}},"branchMap":{},"s":{"0":1,"1":1},"f":{"0":1},"b":{},"meta":{"lastBranch":0,"lastFunction":1,"lastStatement":2,"seen":{"s:1:13:2:Infinity":0,"f:1:13:1:32":0,"s:2:2:2:Infinity":1}}}
}
